2022-02-19 20:14:57,997 [myid:] - INFO  [main:QuorumPeerConfig@136] - Reading configuration from: /Users/y3/Downloads/dubbo/apache-zookeeper-3.5.9-bin/bin/../conf/zoo.cfg
2022-02-19 20:14:58,013 [myid:] - INFO  [main:QuorumPeerConfig@388] - clientPortAddress is 0.0.0.0:2181
2022-02-19 20:14:58,013 [myid:] - INFO  [main:QuorumPeerConfig@392] - secureClientPort is not set
2022-02-19 20:14:58,015 [myid:] - INFO  [main:DatadirCleanupManager@78] - autopurge.snapRetainCount set to 3
2022-02-19 20:14:58,015 [myid:] - INFO  [main:DatadirCleanupManager@79] - autopurge.purgeInterval set to 0
2022-02-19 20:14:58,015 [myid:] - INFO  [main:DatadirCleanupManager@101] - Purge task is not scheduled.
2022-02-19 20:14:58,015 [myid:] - WARN  [main:QuorumPeerMain@125] - Either no config or no quorum defined in config, running  in standalone mode
2022-02-19 20:14:58,019 [myid:] - INFO  [main:ManagedUtil@45] - Log4j 1.2 jmx support found and enabled.
2022-02-19 20:14:58,026 [myid:] - INFO  [main:QuorumPeerConfig@136] - Reading configuration from: /Users/y3/Downloads/dubbo/apache-zookeeper-3.5.9-bin/bin/../conf/zoo.cfg
2022-02-19 20:14:58,027 [myid:] - INFO  [main:QuorumPeerConfig@388] - clientPortAddress is 0.0.0.0:2181
2022-02-19 20:14:58,027 [myid:] - INFO  [main:QuorumPeerConfig@392] - secureClientPort is not set
2022-02-19 20:14:58,027 [myid:] - INFO  [main:ZooKeeperServerMain@118] - Starting server
2022-02-19 20:14:58,031 [myid:] - INFO  [main:FileTxnSnapLog@115] - zookeeper.snapshot.trust.empty : false
2022-02-19 20:14:58,044 [myid:] - INFO  [main:Environment@109] - Server environment:zookeeper.version=3.5.9-83df9301aa5c2a5d284a9940177808c01bc35cef, built on 01/06/2021 19:49 GMT
2022-02-19 20:14:58,044 [myid:] - INFO  [main:Environment@109] - Server environment:host.name=192.168.1.3
2022-02-19 20:14:58,044 [myid:] - INFO  [main:Environment@109] - Server environment:java.version=1.8.0_181
2022-02-19 20:14:58,045 [myid:] - INFO  [main:Environment@109] - Server environment:java.vendor=Oracle Corporation
2022-02-19 20:14:58,045 [myid:] - INFO  [main:Environment@109] - Server environment:java.home=/Library/Java/JavaVirtualMachines/jdk1.8.0_181.jdk/Contents/Home/jre
2022-02-19 20:14:58,046 [myid:] - INFO  [main:Environment@109] - Server environment:java.class.path=/Users/y3/Downloads/dubbo/apache-zookeeper-3.5.9-bin/bin/../zookeeper-server/target/classes:/Users/y3/Downloads/dubbo/apache-zookeeper-3.5.9-bin/bin/../build/classes:/Users/y3/Downloads/dubbo/apache-zookeeper-3.5.9-bin/bin/../zookeeper-server/target/lib/*.jar:/Users/y3/Downloads/dubbo/apache-zookeeper-3.5.9-bin/bin/../build/lib/*.jar:/Users/y3/Downloads/dubbo/apache-zookeeper-3.5.9-bin/bin/../lib/zookeeper-jute-3.5.9.jar:/Users/y3/Downloads/dubbo/apache-zookeeper-3.5.9-bin/bin/../lib/zookeeper-3.5.9.jar:/Users/y3/Downloads/dubbo/apache-zookeeper-3.5.9-bin/bin/../lib/slf4j-log4j12-1.7.25.jar:/Users/y3/Downloads/dubbo/apache-zookeeper-3.5.9-bin/bin/../lib/slf4j-api-1.7.25.jar:/Users/y3/Downloads/dubbo/apache-zookeeper-3.5.9-bin/bin/../lib/netty-transport-native-unix-common-4.1.50.Final.jar:/Users/y3/Downloads/dubbo/apache-zookeeper-3.5.9-bin/bin/../lib/netty-transport-native-epoll-4.1.50.Final.jar:/Users/y3/Downloads/dubbo/apache-zookeeper-3.5.9-bin/bin/../lib/netty-transport-4.1.50.Final.jar:/Users/y3/Downloads/dubbo/apache-zookeeper-3.5.9-bin/bin/../lib/netty-resolver-4.1.50.Final.jar:/Users/y3/Downloads/dubbo/apache-zookeeper-3.5.9-bin/bin/../lib/netty-handler-4.1.50.Final.jar:/Users/y3/Downloads/dubbo/apache-zookeeper-3.5.9-bin/bin/../lib/netty-common-4.1.50.Final.jar:/Users/y3/Downloads/dubbo/apache-zookeeper-3.5.9-bin/bin/../lib/netty-codec-4.1.50.Final.jar:/Users/y3/Downloads/dubbo/apache-zookeeper-3.5.9-bin/bin/../lib/netty-buffer-4.1.50.Final.jar:/Users/y3/Downloads/dubbo/apache-zookeeper-3.5.9-bin/bin/../lib/log4j-1.2.17.jar:/Users/y3/Downloads/dubbo/apache-zookeeper-3.5.9-bin/bin/../lib/json-simple-1.1.1.jar:/Users/y3/Downloads/dubbo/apache-zookeeper-3.5.9-bin/bin/../lib/jline-2.14.6.jar:/Users/y3/Downloads/dubbo/apache-zookeeper-3.5.9-bin/bin/../lib/jetty-util-ajax-9.4.35.v20201120.jar:/Users/y3/Downloads/dubbo/apache-zookeeper-3.5.9-bin/bin/../lib/jetty-util-9.4.35.v20201120.jar:/Users/y3/Downloads/dubbo/apache-zookeeper-3.5.9-bin/bin/../lib/jetty-servlet-9.4.35.v20201120.jar:/Users/y3/Downloads/dubbo/apache-zookeeper-3.5.9-bin/bin/../lib/jetty-server-9.4.35.v20201120.jar:/Users/y3/Downloads/dubbo/apache-zookeeper-3.5.9-bin/bin/../lib/jetty-security-9.4.35.v20201120.jar:/Users/y3/Downloads/dubbo/apache-zookeeper-3.5.9-bin/bin/../lib/jetty-io-9.4.35.v20201120.jar:/Users/y3/Downloads/dubbo/apache-zookeeper-3.5.9-bin/bin/../lib/jetty-http-9.4.35.v20201120.jar:/Users/y3/Downloads/dubbo/apache-zookeeper-3.5.9-bin/bin/../lib/javax.servlet-api-3.1.0.jar:/Users/y3/Downloads/dubbo/apache-zookeeper-3.5.9-bin/bin/../lib/jackson-databind-2.10.5.1.jar:/Users/y3/Downloads/dubbo/apache-zookeeper-3.5.9-bin/bin/../lib/jackson-core-2.10.5.jar:/Users/y3/Downloads/dubbo/apache-zookeeper-3.5.9-bin/bin/../lib/jackson-annotations-2.10.5.jar:/Users/y3/Downloads/dubbo/apache-zookeeper-3.5.9-bin/bin/../lib/commons-cli-1.2.jar:/Users/y3/Downloads/dubbo/apache-zookeeper-3.5.9-bin/bin/../lib/audience-annotations-0.5.0.jar:/Users/y3/Downloads/dubbo/apache-zookeeper-3.5.9-bin/bin/../zookeeper-*.jar:/Users/y3/Downloads/dubbo/apache-zookeeper-3.5.9-bin/bin/../zookeeper-server/src/main/resources/lib/*.jar:/Users/y3/Downloads/dubbo/apache-zookeeper-3.5.9-bin/bin/../conf:
2022-02-19 20:14:58,046 [myid:] - INFO  [main:Environment@109] - Server environment:java.library.path=/Users/y3/Library/Java/Extensions:/Library/Java/Extensions:/Network/Library/Java/Extensions:/System/Library/Java/Extensions:/usr/lib/java:.
2022-02-19 20:14:58,046 [myid:] - INFO  [main:Environment@109] - Server environment:java.io.tmpdir=/var/folders/86/d8n5065x2js2sv2wl_dvqcx00000gn/T/
2022-02-19 20:14:58,046 [myid:] - INFO  [main:Environment@109] - Server environment:java.compiler=<NA>
2022-02-19 20:14:58,046 [myid:] - INFO  [main:Environment@109] - Server environment:os.name=Mac OS X
2022-02-19 20:14:58,046 [myid:] - INFO  [main:Environment@109] - Server environment:os.arch=x86_64
2022-02-19 20:14:58,046 [myid:] - INFO  [main:Environment@109] - Server environment:os.version=10.16
2022-02-19 20:14:58,046 [myid:] - INFO  [main:Environment@109] - Server environment:user.name=y3
2022-02-19 20:14:58,046 [myid:] - INFO  [main:Environment@109] - Server environment:user.home=/Users/y3
2022-02-19 20:14:58,047 [myid:] - INFO  [main:Environment@109] - Server environment:user.dir=/Users/y3/Downloads/dubbo/apache-zookeeper-3.5.9-bin/bin
2022-02-19 20:14:58,047 [myid:] - INFO  [main:Environment@109] - Server environment:os.memory.free=233MB
2022-02-19 20:14:58,047 [myid:] - INFO  [main:Environment@109] - Server environment:os.memory.max=889MB
2022-02-19 20:14:58,047 [myid:] - INFO  [main:Environment@109] - Server environment:os.memory.total=245MB
2022-02-19 20:14:58,049 [myid:] - INFO  [main:ZooKeeperServer@953] - minSessionTimeout set to 4000
2022-02-19 20:14:58,049 [myid:] - INFO  [main:ZooKeeperServer@962] - maxSessionTimeout set to 40000
2022-02-19 20:14:58,049 [myid:] - INFO  [main:ZooKeeperServer@181] - Created server with tickTime 2000 minSessionTimeout 4000 maxSessionTimeout 40000 datadir /tmp/zookeeper/version-2 snapdir /tmp/zookeeper/version-2
2022-02-19 20:14:58,071 [myid:] - INFO  [main:Log@169] - Logging initialized @452ms to org.eclipse.jetty.util.log.Slf4jLog
2022-02-19 20:14:58,158 [myid:] - WARN  [main:ContextHandler@1660] - o.e.j.s.ServletContextHandler@6536e911{/,null,STOPPED} contextPath ends with /*
2022-02-19 20:14:58,159 [myid:] - WARN  [main:ContextHandler@1671] - Empty contextPath
2022-02-19 20:14:58,182 [myid:] - INFO  [main:Server@375] - jetty-9.4.35.v20201120; built: 2020-11-20T21:17:03.964Z; git: bdc54f03a5e0a7e280fab27f55c3c75ee8da89fb; jvm 1.8.0_181-b13
2022-02-19 20:14:58,215 [myid:] - INFO  [main:DefaultSessionIdManager@334] - DefaultSessionIdManager workerName=node0
2022-02-19 20:14:58,215 [myid:] - INFO  [main:DefaultSessionIdManager@339] - No SessionScavenger set, using defaults
2022-02-19 20:14:58,217 [myid:] - INFO  [main:HouseKeeper@132] - node0 Scavenging every 660000ms
2022-02-19 20:14:58,219 [myid:] - WARN  [main:ConstraintSecurityHandler@758] - ServletContext@o.e.j.s.ServletContextHandler@6536e911{/,null,STARTING} has uncovered http methods for path: /*
2022-02-19 20:14:58,230 [myid:] - INFO  [main:ContextHandler@916] - Started o.e.j.s.ServletContextHandler@6536e911{/,null,AVAILABLE}
2022-02-19 20:14:58,247 [myid:] - INFO  [main:AbstractConnector@331] - Started ServerConnector@59f99ea{HTTP/1.1, (http/1.1)}{0.0.0.0:8080}
2022-02-19 20:14:58,248 [myid:] - INFO  [main:Server@415] - Started @628ms
2022-02-19 20:14:58,248 [myid:] - INFO  [main:JettyAdminServer@116] - Started AdminServer on address 0.0.0.0, port 8080 and command URL /commands
2022-02-19 20:14:58,254 [myid:] - INFO  [main:ServerCnxnFactory@135] - Using org.apache.zookeeper.server.NIOServerCnxnFactory as server connection factory
2022-02-19 20:14:58,257 [myid:] - INFO  [main:NIOServerCnxnFactory@673] - Configuring NIO connection handler with 10s sessionless connection timeout, 2 selector thread(s), 16 worker threads, and 64 kB direct buffers.
2022-02-19 20:14:58,259 [myid:] - INFO  [main:NIOServerCnxnFactory@686] - binding to port 0.0.0.0/0.0.0.0:2181
2022-02-19 20:14:58,270 [myid:] - INFO  [main:ZKDatabase@117] - zookeeper.snapshotSizeFactor = 0.33
2022-02-19 20:14:58,273 [myid:] - INFO  [main:FileSnap@83] - Reading snapshot /tmp/zookeeper/version-2/snapshot.2
2022-02-19 20:14:58,283 [myid:] - INFO  [main:FileTxnSnapLog@404] - Snapshotting: 0x3 to /tmp/zookeeper/version-2/snapshot.3
2022-02-19 20:14:58,293 [myid:] - INFO  [ProcessThread(sid:0 cport:2181)::PrepRequestProcessor@132] - PrepRequestProcessor (sid:0) started, reconfigEnabled=false
2022-02-19 20:14:58,297 [myid:] - INFO  [main:ContainerManager@64] - Using checkIntervalMs=60000 maxPerMinute=10000
2022-02-19 20:14:58,664 [myid:] - INFO  [SyncThread:0:FileTxnLog@218] - Creating new log file: log.4
2022-02-19 20:14:59,667 [myid:] - WARN  [NIOWorkerThread-6:NIOServerCnxn@370] - Exception causing close of session 0x1002ab0936e0000: Connection reset by peer
2022-02-19 20:15:39,139 [myid:] - INFO  [SessionTracker:ZooKeeperServer@413] - Expiring session 0x1002ab00d420000, timeout of 40000ms exceeded
2022-02-19 20:15:41,139 [myid:] - INFO  [SessionTracker:ZooKeeperServer@413] - Expiring session 0x1002ab0936e0000, timeout of 40000ms exceeded
2022-02-19 20:17:28,013 [myid:] - INFO  [NIOWorkerThread-7:FourLetterCommands@234] - The list of known four letter word commands is : [{1936881266=srvr, 1937006964=stat, 2003003491=wchc, 1685417328=dump, 1668445044=crst, 1936880500=srst, 1701738089=envi, 1668247142=conf, -720899=telnet close, 2003003507=wchs, 2003003504=wchp, 1684632179=dirs, 1668247155=cons, 1835955314=mntr, 1769173615=isro, 1920298859=ruok, 1735683435=gtmk, 1937010027=stmk}]
2022-02-19 20:17:28,013 [myid:] - INFO  [NIOWorkerThread-7:FourLetterCommands@235] - The list of enabled four letter word commands is : [[srvr]]
2022-02-19 20:17:28,014 [myid:] - INFO  [NIOWorkerThread-7:NIOServerCnxn@518] - Processing srvr command from /127.0.0.1:59108
